<?xml version="1.0" encoding="utf-8"?><testsuites name="pytest tests"><testsuite name="pytest" errors="0" failures="0" skipped="0" tests="6" time="2.699" timestamp="2026-06-10T17:46:25.042546+00:00" hostname="agent-env-f55ca32f-9490-4810-954c-2316a83518b5"><testcase classname="backend.tests.test_jarvis_backend" name="test_root_status" time="0.155" /><testcase classname="backend.tests.test_jarvis_backend" name="test_new_session" time="0.124" /><testcase classname="backend.tests.test_jarvis_backend" name="test_chat_stream_sse" time="1.589" /><testcase classname="backend.tests.test_jarvis_backend" name="test_chat_history_after_stream" time="0.274" /><testcase classname="backend.tests.test_jarvis_backend" name="test_clear_history" time="0.262" /><testcase classname="backend.tests.test_jarvis_backend" name="test_unknown_session_history_empty" time="0.119" /></testsuite></testsuites>